d:\workspace\learningccpp\container\x64\debug\vc141.pdb
d:\workspace\learningccpp\container\x64\debug\vc141.idb
d:\workspace\learningccpp\container\x64\debug\testvector.obj
d:\workspace\learningccpp\container\x64\debug\testarray.obj
d:\workspace\learningccpp\container\x64\debug\testvector.nativecodeanalysis.xml
d:\workspace\learningccpp\container\x64\debug\testarray.obj.enc
d:\workspace\learningccpp\container\x64\debug\nativecodeanalysis.read.1.tlog
d:\workspace\learningccpp\container\x64\debug\container.pdb
d:\workspace\learningccpp\container\x64\debug\vc.nativecodeanalysis.all.xml
d:\workspace\learningccpp\container\x64\debug\container.exe.lastcodeanalysissucceeded
d:\workspace\learningccpp\container\x64\debug\container.tlog\cl.command.1.tlog
d:\workspace\learningccpp\container\x64\debug\container.tlog\cl.read.1.tlog
d:\workspace\learningccpp\container\x64\debug\container.tlog\cl.write.1.tlog
d:\workspace\learningccpp\container\x64\debug\container.tlog\link-cvtres.read.1.tlog
d:\workspace\learningccpp\container\x64\debug\container.tlog\link-cvtres.write.1.tlog
d:\workspace\learningccpp\container\x64\debug\container.tlog\link-rc.read.1.tlog
d:\workspace\learningccpp\container\x64\debug\container.tlog\link-rc.write.1.tlog
d:\workspace\learningccpp\container\x64\debug\container.tlog\link.45680-cvtres.read.1.tlog
d:\workspace\learningccpp\container\x64\debug\container.tlog\link.45680-cvtres.write.1.tlog
d:\workspace\learningccpp\container\x64\debug\container.tlog\link.45680-rc.read.1.tlog
d:\workspace\learningccpp\container\x64\debug\container.tlog\link.45680-rc.write.1.tlog
d:\workspace\learningccpp\container\x64\debug\container.tlog\link.45680.read.1.tlog
d:\workspace\learningccpp\container\x64\debug\container.tlog\link.45680.write.1.tlog
d:\workspace\learningccpp\container\x64\debug\container.tlog\link.command.1.tlog
d:\workspace\learningccpp\container\x64\debug\container.tlog\link.read.1.tlog
d:\workspace\learningccpp\container\x64\debug\container.tlog\link.write.1.tlog
