  ReadNumber.cpp
d:\workspace\codelearning\learningccpp\task105\task105\readnumber.cpp(20): warning C4566: character represented by universal-character-name '\u01B0' cannot be represented in the current code page (1252)
d:\workspace\codelearning\learningccpp\task105\task105\readnumber.cpp(20): warning C4566: character represented by universal-character-name '\u1EDD' cannot be represented in the current code page (1252)
d:\workspace\codelearning\learningccpp\task105\task105\readnumber.cpp(22): warning C4566: character represented by universal-character-name '\u01B0' cannot be represented in the current code page (1252)
d:\workspace\codelearning\learningccpp\task105\task105\readnumber.cpp(22): warning C4566: character represented by universal-character-name '\u01A1' cannot be represented in the current code page (1252)
d:\workspace\codelearning\learningccpp\task105\task105\readnumber.cpp(24): warning C4566: character represented by universal-character-name '\u01B0' cannot be represented in the current code page (1252)
d:\workspace\codelearning\learningccpp\task105\task105\readnumber.cpp(24): warning C4566: character represented by universal-character-name '\u01A1' cannot be represented in the current code page (1252)
d:\workspace\codelearning\learningccpp\task105\task105\readnumber.cpp(26): warning C4566: character represented by universal-character-name '\u1ED1' cannot be represented in the current code page (1252)
d:\workspace\codelearning\learningccpp\task105\task105\readnumber.cpp(26): warning C4566: character represented by universal-character-name '\u01B0' cannot be represented in the current code page (1252)
d:\workspace\codelearning\learningccpp\task105\task105\readnumber.cpp(26): warning C4566: character represented by universal-character-name '\u01A1' cannot be represented in the current code page (1252)
d:\workspace\codelearning\learningccpp\task105\task105\readnumber.cpp(28): warning C4566: character represented by universal-character-name '\u0103' cannot be represented in the current code page (1252)
d:\workspace\codelearning\learningccpp\task105\task105\readnumber.cpp(28): warning C4566: character represented by universal-character-name '\u01B0' cannot be represented in the current code page (1252)
d:\workspace\codelearning\learningccpp\task105\task105\readnumber.cpp(28): warning C4566: character represented by universal-character-name '\u01A1' cannot be represented in the current code page (1252)
d:\workspace\codelearning\learningccpp\task105\task105\readnumber.cpp(30): warning C4566: character represented by universal-character-name '\u01B0' cannot be represented in the current code page (1252)
d:\workspace\codelearning\learningccpp\task105\task105\readnumber.cpp(30): warning C4566: character represented by universal-character-name '\u01A1' cannot be represented in the current code page (1252)
d:\workspace\codelearning\learningccpp\task105\task105\readnumber.cpp(32): warning C4566: character represented by universal-character-name '\u1EA3' cannot be represented in the current code page (1252)
d:\workspace\codelearning\learningccpp\task105\task105\readnumber.cpp(32): warning C4566: character represented by universal-character-name '\u01B0' cannot be represented in the current code page (1252)
d:\workspace\codelearning\learningccpp\task105\task105\readnumber.cpp(32): warning C4566: character represented by universal-character-name '\u01A1' cannot be represented in the current code page (1252)
d:\workspace\codelearning\learningccpp\task105\task105\readnumber.cpp(34): warning C4566: character represented by universal-character-name '\u01B0' cannot be represented in the current code page (1252)
d:\workspace\codelearning\learningccpp\task105\task105\readnumber.cpp(34): warning C4566: character represented by universal-character-name '\u01A1' cannot be represented in the current code page (1252)
d:\workspace\codelearning\learningccpp\task105\task105\readnumber.cpp(36): warning C4566: character represented by universal-character-name '\u01B0' cannot be represented in the current code page (1252)
d:\workspace\codelearning\learningccpp\task105\task105\readnumber.cpp(36): warning C4566: character represented by universal-character-name '\u01A1' cannot be represented in the current code page (1252)
d:\workspace\codelearning\learningccpp\task105\task105\readnumber.cpp(49): warning C4566: character represented by universal-character-name '\u1ED9' cannot be represented in the current code page (1252)
d:\workspace\codelearning\learningccpp\task105\task105\readnumber.cpp(55): warning C4566: character represented by universal-character-name '\u1ED1' cannot be represented in the current code page (1252)
d:\workspace\codelearning\learningccpp\task105\task105\readnumber.cpp(57): warning C4566: character represented by universal-character-name '\u0103' cannot be represented in the current code page (1252)
d:\workspace\codelearning\learningccpp\task105\task105\readnumber.cpp(61): warning C4566: character represented by universal-character-name '\u1EA3' cannot be represented in the current code page (1252)
d:\workspace\codelearning\learningccpp\task105\task105\readnumber.cpp(86): error C2679: binary '<<': no operator found which takes a right-hand operand of type 'std::string' (or there is no acceptable conversion)
  c:\program files (x86)\microsoft visual studio\2017\professional\vc\tools\msvc\14.14.26428\include\ostream(500): note: could be 'std::basic_ostream<char,std::char_traits<char>> &std::basic_ostream<char,std::char_traits<char>>::operator <<(std::basic_streambuf<char,std::char_traits<char>> *)'
  c:\program files (x86)\microsoft visual studio\2017\professional\vc\tools\msvc\14.14.26428\include\ostream(480): note: or       'std::basic_ostream<char,std::char_traits<char>> &std::basic_ostream<char,std::char_traits<char>>::operator <<(const void *)'
  c:\program files (x86)\microsoft visual studio\2017\professional\vc\tools\msvc\14.14.26428\include\ostream(460): note: or       'std::basic_ostream<char,std::char_traits<char>> &std::basic_ostream<char,std::char_traits<char>>::operator <<(long double)'
  c:\program files (x86)\microsoft visual studio\2017\professional\vc\tools\msvc\14.14.26428\include\ostream(440): note: or       'std::basic_ostream<char,std::char_traits<char>> &std::basic_ostream<char,std::char_traits<char>>::operator <<(double)'
  c:\program files (x86)\microsoft visual studio\2017\professional\vc\tools\msvc\14.14.26428\include\ostream(420): note: or       'std::basic_ostream<char,std::char_traits<char>> &std::basic_ostream<char,std::char_traits<char>>::operator <<(float)'
  c:\program files (x86)\microsoft visual studio\2017\professional\vc\tools\msvc\14.14.26428\include\ostream(400): note: or       'std::basic_ostream<char,std::char_traits<char>> &std::basic_ostream<char,std::char_traits<char>>::operator <<(unsigned __int64)'
  c:\program files (x86)\microsoft visual studio\2017\professional\vc\tools\msvc\14.14.26428\include\ostream(380): note: or       'std::basic_ostream<char,std::char_traits<char>> &std::basic_ostream<char,std::char_traits<char>>::operator <<(__int64)'
  c:\program files (x86)\microsoft visual studio\2017\professional\vc\tools\msvc\14.14.26428\include\ostream(360): note: or       'std::basic_ostream<char,std::char_traits<char>> &std::basic_ostream<char,std::char_traits<char>>::operator <<(unsigned long)'
  c:\program files (x86)\microsoft visual studio\2017\professional\vc\tools\msvc\14.14.26428\include\ostream(340): note: or       'std::basic_ostream<char,std::char_traits<char>> &std::basic_ostream<char,std::char_traits<char>>::operator <<(long)'
  c:\program files (x86)\microsoft visual studio\2017\professional\vc\tools\msvc\14.14.26428\include\ostream(320): note: or       'std::basic_ostream<char,std::char_traits<char>> &std::basic_ostream<char,std::char_traits<char>>::operator <<(unsigned int)'
  c:\program files (x86)\microsoft visual studio\2017\professional\vc\tools\msvc\14.14.26428\include\ostream(295): note: or       'std::basic_ostream<char,std::char_traits<char>> &std::basic_ostream<char,std::char_traits<char>>::operator <<(int)'
  c:\program files (x86)\microsoft visual studio\2017\professional\vc\tools\msvc\14.14.26428\include\ostream(275): note: or       'std::basic_ostream<char,std::char_traits<char>> &std::basic_ostream<char,std::char_traits<char>>::operator <<(unsigned short)'
  c:\program files (x86)\microsoft visual studio\2017\professional\vc\tools\msvc\14.14.26428\include\ostream(241): note: or       'std::basic_ostream<char,std::char_traits<char>> &std::basic_ostream<char,std::char_traits<char>>::operator <<(short)'
  c:\program files (x86)\microsoft visual studio\2017\professional\vc\tools\msvc\14.14.26428\include\ostream(221): note: or       'std::basic_ostream<char,std::char_traits<char>> &std::basic_ostream<char,std::char_traits<char>>::operator <<(bool)'
  c:\program files (x86)\microsoft visual studio\2017\professional\vc\tools\msvc\14.14.26428\include\ostream(215): note: or       'std::basic_ostream<char,std::char_traits<char>> &std::basic_ostream<char,std::char_traits<char>>::operator <<(std::ios_base &(__cdecl *)(std::ios_base &))'
  c:\program files (x86)\microsoft visual studio\2017\professional\vc\tools\msvc\14.14.26428\include\ostream(209): note: or       'std::basic_ostream<char,std::char_traits<char>> &std::basic_ostream<char,std::char_traits<char>>::operator <<(std::basic_ios<char,std::char_traits<char>> &(__cdecl *)(std::basic_ios<char,std::char_traits<char>> &))'
  c:\program files (x86)\microsoft visual studio\2017\professional\vc\tools\msvc\14.14.26428\include\ostream(204): note: or       'std::basic_ostream<char,std::char_traits<char>> &std::basic_ostream<char,std::char_traits<char>>::operator <<(std::basic_ostream<char,std::char_traits<char>> &(__cdecl *)(std::basic_ostream<char,std::char_traits<char>> &))'
  c:\program files (x86)\microsoft visual studio\2017\professional\vc\tools\msvc\14.14.26428\include\ostream(694): note: or       'std::basic_ostream<char,std::char_traits<char>> &std::operator <<<char,std::char_traits<char>>(std::basic_ostream<char,std::char_traits<char>> &,const char *)'
  c:\program files (x86)\microsoft visual studio\2017\professional\vc\tools\msvc\14.14.26428\include\ostream(741): note: or       'std::basic_ostream<char,std::char_traits<char>> &std::operator <<<char,std::char_traits<char>>(std::basic_ostream<char,std::char_traits<char>> &,char)'
  c:\program files (x86)\microsoft visual studio\2017\professional\vc\tools\msvc\14.14.26428\include\ostream(779): note: or       'std::basic_ostream<char,std::char_traits<char>> &std::operator <<<std::char_traits<char>>(std::basic_ostream<char,std::char_traits<char>> &,const char *)'
  c:\program files (x86)\microsoft visual studio\2017\professional\vc\tools\msvc\14.14.26428\include\ostream(826): note: or       'std::basic_ostream<char,std::char_traits<char>> &std::operator <<<std::char_traits<char>>(std::basic_ostream<char,std::char_traits<char>> &,char)'
  c:\program files (x86)\microsoft visual studio\2017\professional\vc\tools\msvc\14.14.26428\include\ostream(952): note: or       'std::basic_ostream<char,std::char_traits<char>> &std::operator <<<std::char_traits<char>>(std::basic_ostream<char,std::char_traits<char>> &,const signed char *)'
  c:\program files (x86)\microsoft visual studio\2017\professional\vc\tools\msvc\14.14.26428\include\ostream(959): note: or       'std::basic_ostream<char,std::char_traits<char>> &std::operator <<<std::char_traits<char>>(std::basic_ostream<char,std::char_traits<char>> &,signed char)'
  c:\program files (x86)\microsoft visual studio\2017\professional\vc\tools\msvc\14.14.26428\include\ostream(966): note: or       'std::basic_ostream<char,std::char_traits<char>> &std::operator <<<std::char_traits<char>>(std::basic_ostream<char,std::char_traits<char>> &,const unsigned char *)'
  c:\program files (x86)\microsoft visual studio\2017\professional\vc\tools\msvc\14.14.26428\include\ostream(973): note: or       'std::basic_ostream<char,std::char_traits<char>> &std::operator <<<std::char_traits<char>>(std::basic_ostream<char,std::char_traits<char>> &,unsigned char)'
  c:\program files (x86)\microsoft visual studio\2017\professional\vc\tools\msvc\14.14.26428\include\ostream(983): note: or       'std::basic_ostream<char,std::char_traits<char>> &std::operator <<<char,std::char_traits<char>,std::string>(std::basic_ostream<char,std::char_traits<char>> &&,const _Ty &)'
          with
          [
              _Ty=std::string
          ]
  c:\program files (x86)\microsoft visual studio\2017\professional\vc\tools\msvc\14.14.26428\include\ostream(1021): note: or       'std::basic_ostream<char,std::char_traits<char>> &std::operator <<<char,std::char_traits<char>>(std::basic_ostream<char,std::char_traits<char>> &,const std::error_code &)'
  d:\workspace\codelearning\learningccpp\task105\task105\readnumber.cpp(86): note: while trying to match the argument list '(std::ostream, std::string)'
