  Lister.cpp
d:\workspace\codelearning\learningccpp\tìm kiếm và liệt kê\tìm kiếm và liệt kê\lister.h(14): warning C4114: same type qualifier used more than once
d:\workspace\codelearning\learningccpp\tìm kiếm và liệt kê\tìm kiếm và liệt kê\lister.h(19): warning C4114: same type qualifier used more than once
d:\workspace\codelearning\learningccpp\tìm kiếm và liệt kê\tìm kiếm và liệt kê\lister.h(26): warning C4114: same type qualifier used more than once
d:\workspace\codelearning\learningccpp\tìm kiếm và liệt kê\tìm kiếm và liệt kê\lister.h(33): warning C4114: same type qualifier used more than once
d:\workspace\codelearning\learningccpp\tìm kiếm và liệt kê\tìm kiếm và liệt kê\lister.h(39): warning C4114: same type qualifier used more than once
d:\workspace\codelearning\learningccpp\tìm kiếm và liệt kê\tìm kiếm và liệt kê\lister.h(40): warning C4114: same type qualifier used more than once
d:\workspace\codelearning\learningccpp\tìm kiếm và liệt kê\tìm kiếm và liệt kê\lister.h(46): warning C4114: same type qualifier used more than once
d:\workspace\codelearning\learningccpp\tìm kiếm và liệt kê\tìm kiếm và liệt kê\lister.h(48): warning C4114: same type qualifier used more than once
d:\workspace\codelearning\learningccpp\tìm kiếm và liệt kê\tìm kiếm và liệt kê\lister.h(54): warning C4114: same type qualifier used more than once
d:\workspace\codelearning\learningccpp\tìm kiếm và liệt kê\tìm kiếm và liệt kê\lister.h(60): warning C4114: same type qualifier used more than once
d:\workspace\codelearning\learningccpp\tìm kiếm và liệt kê\tìm kiếm và liệt kê\lister.h(67): warning C4114: same type qualifier used more than once
d:\workspace\codelearning\learningccpp\tìm kiếm và liệt kê\tìm kiếm và liệt kê\lister.h(74): warning C4114: same type qualifier used more than once
d:\workspace\codelearning\learningccpp\tìm kiếm và liệt kê\tìm kiếm và liệt kê\lister.h(81): warning C4114: same type qualifier used more than once
d:\workspace\codelearning\learningccpp\tìm kiếm và liệt kê\tìm kiếm và liệt kê\lister.h(87): warning C4114: same type qualifier used more than once
d:\workspace\codelearning\learningccpp\tìm kiếm và liệt kê\tìm kiếm và liệt kê\lister.h(92): warning C4114: same type qualifier used more than once
d:\workspace\codelearning\learningccpp\tìm kiếm và liệt kê\tìm kiếm và liệt kê\lister.h(98): warning C4114: same type qualifier used more than once
d:\workspace\codelearning\learningccpp\tìm kiếm và liệt kê\tìm kiếm và liệt kê\lister.h(105): warning C4114: same type qualifier used more than once
d:\workspace\codelearning\learningccpp\tìm kiếm và liệt kê\tìm kiếm và liệt kê\lister.h(106): warning C4114: same type qualifier used more than once
d:\workspace\codelearning\learningccpp\tìm kiếm và liệt kê\tìm kiếm và liệt kê\lister.h(112): warning C4114: same type qualifier used more than once
d:\workspace\codelearning\learningccpp\tìm kiếm và liệt kê\tìm kiếm và liệt kê\lister.h(119): warning C4114: same type qualifier used more than once
d:\workspace\codelearning\learningccpp\tìm kiếm và liệt kê\tìm kiếm và liệt kê\lister.h(140): warning C4114: same type qualifier used more than once
d:\workspace\codelearning\learningccpp\tìm kiếm và liệt kê\tìm kiếm và liệt kê\lister.h(146): warning C4114: same type qualifier used more than once
d:\workspace\codelearning\learningccpp\tìm kiếm và liệt kê\tìm kiếm và liệt kê\lister.h(150): warning C4114: same type qualifier used more than once
d:\workspace\codelearning\learningccpp\tìm kiếm và liệt kê\tìm kiếm và liệt kê\lister.h(164): warning C4114: same type qualifier used more than once
d:\workspace\codelearning\learningccpp\tìm kiếm và liệt kê\tìm kiếm và liệt kê\lister.h(180): warning C4114: same type qualifier used more than once
d:\workspace\codelearning\learningccpp\tìm kiếm và liệt kê\tìm kiếm và liệt kê\lister.h(199): warning C4114: same type qualifier used more than once
d:\workspace\codelearning\learningccpp\tìm kiếm và liệt kê\tìm kiếm và liệt kê\lister.h(214): warning C4114: same type qualifier used more than once
d:\workspace\codelearning\learningccpp\tìm kiếm và liệt kê\tìm kiếm và liệt kê\lister.h(243): warning C4114: same type qualifier used more than once
d:\workspace\codelearning\learningccpp\tìm kiếm và liệt kê\tìm kiếm và liệt kê\lister.h(271): warning C4114: same type qualifier used more than once
d:\workspace\codelearning\learningccpp\tìm kiếm và liệt kê\tìm kiếm và liệt kê\lister.cpp(14): warning C4114: same type qualifier used more than once
d:\workspace\codelearning\learningccpp\tìm kiếm và liệt kê\tìm kiếm và liệt kê\lister.cpp(32): warning C4114: same type qualifier used more than once
d:\workspace\codelearning\learningccpp\tìm kiếm và liệt kê\tìm kiếm và liệt kê\lister.cpp(46): warning C4114: same type qualifier used more than once
d:\workspace\codelearning\learningccpp\tìm kiếm và liệt kê\tìm kiếm và liệt kê\lister.cpp(69): warning C4114: same type qualifier used more than once
d:\workspace\codelearning\learningccpp\tìm kiếm và liệt kê\tìm kiếm và liệt kê\lister.cpp(80): warning C4018: '<': signed/unsigned mismatch
d:\workspace\codelearning\learningccpp\tìm kiếm và liệt kê\tìm kiếm và liệt kê\lister.cpp(96): warning C4114: same type qualifier used more than once
d:\workspace\codelearning\learningccpp\tìm kiếm và liệt kê\tìm kiếm và liệt kê\lister.cpp(106): warning C4018: '<': signed/unsigned mismatch
d:\workspace\codelearning\learningccpp\tìm kiếm và liệt kê\tìm kiếm và liệt kê\lister.cpp(114): warning C4244: 'initializing': conversion from 'double' to 'int', possible loss of data
d:\workspace\codelearning\learningccpp\tìm kiếm và liệt kê\tìm kiếm và liệt kê\lister.cpp(118): warning C4114: same type qualifier used more than once
d:\workspace\codelearning\learningccpp\tìm kiếm và liệt kê\tìm kiếm và liệt kê\lister.cpp(144): warning C4018: '<': signed/unsigned mismatch
d:\workspace\codelearning\learningccpp\tìm kiếm và liệt kê\tìm kiếm và liệt kê\lister.cpp(151): warning C4114: same type qualifier used more than once
d:\workspace\codelearning\learningccpp\tìm kiếm và liệt kê\tìm kiếm và liệt kê\lister.cpp(189): warning C4018: '<': signed/unsigned mismatch
d:\workspace\codelearning\learningccpp\tìm kiếm và liệt kê\tìm kiếm và liệt kê\lister.cpp(202): warning C4114: same type qualifier used more than once
d:\workspace\codelearning\learningccpp\tìm kiếm và liệt kê\tìm kiếm và liệt kê\lister.cpp(213): warning C4018: '<': signed/unsigned mismatch
d:\workspace\codelearning\learningccpp\tìm kiếm và liệt kê\tìm kiếm và liệt kê\lister.cpp(231): warning C4114: same type qualifier used more than once
d:\workspace\codelearning\learningccpp\tìm kiếm và liệt kê\tìm kiếm và liệt kê\lister.cpp(243): warning C4018: '<': signed/unsigned mismatch
d:\workspace\codelearning\learningccpp\tìm kiếm và liệt kê\tìm kiếm và liệt kê\lister.cpp(262): warning C4114: same type qualifier used more than once
d:\workspace\codelearning\learningccpp\tìm kiếm và liệt kê\tìm kiếm và liệt kê\lister.cpp(273): warning C4018: '<': signed/unsigned mismatch
d:\workspace\codelearning\learningccpp\tìm kiếm và liệt kê\tìm kiếm và liệt kê\lister.cpp(280): warning C4114: same type qualifier used more than once
d:\workspace\codelearning\learningccpp\tìm kiếm và liệt kê\tìm kiếm và liệt kê\lister.cpp(309): warning C4114: same type qualifier used more than once
d:\workspace\codelearning\learningccpp\tìm kiếm và liệt kê\tìm kiếm và liệt kê\lister.cpp(320): warning C4018: '<': signed/unsigned mismatch
d:\workspace\codelearning\learningccpp\tìm kiếm và liệt kê\tìm kiếm và liệt kê\lister.cpp(338): warning C4114: same type qualifier used more than once
d:\workspace\codelearning\learningccpp\tìm kiếm và liệt kê\tìm kiếm và liệt kê\lister.cpp(349): warning C4018: '<': signed/unsigned mismatch
d:\workspace\codelearning\learningccpp\tìm kiếm và liệt kê\tìm kiếm và liệt kê\lister.cpp(467): warning C4114: same type qualifier used more than once
d:\workspace\codelearning\learningccpp\tìm kiếm và liệt kê\tìm kiếm và liệt kê\lister.cpp(481): warning C4114: same type qualifier used more than once
d:\workspace\codelearning\learningccpp\tìm kiếm và liệt kê\tìm kiếm và liệt kê\lister.h(170): warning C4244: '=': conversion from 'float' to 'int', possible loss of data
  d:\workspace\codelearning\learningccpp\tìm kiếm và liệt kê\tìm kiếm và liệt kê\lister.cpp(511): note: see reference to function template instantiation 'void Lister::lietke179<float>(const A *,int)' being compiled
          with
          [
              A=float
          ]
d:\workspace\codelearning\learningccpp\tìm kiếm và liệt kê\tìm kiếm và liệt kê\lister.h(262): warning C4018: '<': signed/unsigned mismatch
  d:\workspace\codelearning\learningccpp\tìm kiếm và liệt kê\tìm kiếm và liệt kê\lister.cpp(522): note: see reference to function template instantiation 'int Lister::lietKeViTriLonNhat<int>(const A *,int)' being compiled
          with
          [
              A=int
          ]
d:\workspace\codelearning\learningccpp\tìm kiếm và liệt kê\tìm kiếm và liệt kê\lister.h(314): warning C4018: '<': signed/unsigned mismatch
  d:\workspace\codelearning\learningccpp\tìm kiếm và liệt kê\tìm kiếm và liệt kê\lister.cpp(532): note: see reference to function template instantiation 'void Lister::lietKe187<int>(const A *,int)' being compiled
          with
          [
              A=int
          ]
  TÌM KIẾM VÀ LIỆT KÊ.vcxproj -> D:\WorkSpace\CodeLearning\LearningCCPP\TÌM KIẾM VÀ LIỆT KÊ\Debug\TÌM KIẾM VÀ LIỆT KÊ.exe
