  adler32.c
  compress.c
  crc32.c
  deflate.c
  gzclose.c
  gzlib.c
d:\workspace\codelearning\learningccpp\optionparser\lib_z\src\gzlib.c(245): error C4996: 'open': The POSIX name for this item is deprecated. Instead, use the ISO C and C++ conformant name: _open. See online help for details.
  c:\program files (x86)\windows kits\10\include\10.0.16299.0\ucrt\corecrt_io.h(516): note: see declaration of 'open'
  gzread.c
d:\workspace\codelearning\learningccpp\optionparser\lib_z\src\gzread.c(30): error C4996: 'read': The POSIX name for this item is deprecated. Instead, use the ISO C and C++ conformant name: _read. See online help for details.
  c:\program files (x86)\windows kits\10\include\10.0.16299.0\ucrt\corecrt_io.h(523): note: see declaration of 'read'
d:\workspace\codelearning\learningccpp\optionparser\lib_z\src\gzread.c(591): error C4996: 'close': The POSIX name for this item is deprecated. Instead, use the ISO C and C++ conformant name: _close. See online help for details.
  c:\program files (x86)\windows kits\10\include\10.0.16299.0\ucrt\corecrt_io.h(459): note: see declaration of 'close'
  gzwrite.c
d:\workspace\codelearning\learningccpp\optionparser\lib_z\src\gzwrite.c(84): error C4996: 'write': The POSIX name for this item is deprecated. Instead, use the ISO C and C++ conformant name: _write. See online help for details.
  c:\program files (x86)\windows kits\10\include\10.0.16299.0\ucrt\corecrt_io.h(558): note: see declaration of 'write'
d:\workspace\codelearning\learningccpp\optionparser\lib_z\src\gzwrite.c(101): error C4996: 'write': The POSIX name for this item is deprecated. Instead, use the ISO C and C++ conformant name: _write. See online help for details.
  c:\program files (x86)\windows kits\10\include\10.0.16299.0\ucrt\corecrt_io.h(558): note: see declaration of 'write'
d:\workspace\codelearning\learningccpp\optionparser\lib_z\src\gzwrite.c(573): error C4996: 'close': The POSIX name for this item is deprecated. Instead, use the ISO C and C++ conformant name: _close. See online help for details.
  c:\program files (x86)\windows kits\10\include\10.0.16299.0\ucrt\corecrt_io.h(459): note: see declaration of 'close'
  infback.c
  inffast.c
  inflate.c
  inftrees.c
  minigzip.c
d:\workspace\codelearning\learningccpp\optionparser\lib_z\src\minigzip.c(481): error C4996: 'unlink': The POSIX name for this item is deprecated. Instead, use the ISO C and C++ conformant name: _unlink. See online help for details.
  c:\program files (x86)\windows kits\10\include\10.0.16299.0\ucrt\stdio.h(380): note: see declaration of 'unlink'
d:\workspace\codelearning\learningccpp\optionparser\lib_z\src\minigzip.c(526): error C4996: 'unlink': The POSIX name for this item is deprecated. Instead, use the ISO C and C++ conformant name: _unlink. See online help for details.
  c:\program files (x86)\windows kits\10\include\10.0.16299.0\ucrt\stdio.h(380): note: see declaration of 'unlink'
d:\workspace\codelearning\learningccpp\optionparser\lib_z\src\minigzip.c(585): error C4996: 'setmode': The POSIX name for this item is deprecated. Instead, use the ISO C and C++ conformant name: _setmode. See online help for details.
  c:\program files (x86)\windows kits\10\include\10.0.16299.0\ucrt\corecrt_io.h(530): note: see declaration of 'setmode'
d:\workspace\codelearning\learningccpp\optionparser\lib_z\src\minigzip.c(586): error C4996: 'setmode': The POSIX name for this item is deprecated. Instead, use the ISO C and C++ conformant name: _setmode. See online help for details.
  c:\program files (x86)\windows kits\10\include\10.0.16299.0\ucrt\corecrt_io.h(530): note: see declaration of 'setmode'
d:\workspace\codelearning\learningccpp\optionparser\lib_z\src\minigzip.c(588): error C4996: 'fileno': The POSIX name for this item is deprecated. Instead, use the ISO C and C++ conformant name: _fileno. See online help for details.
  c:\program files (x86)\windows kits\10\include\10.0.16299.0\ucrt\stdio.h(2457): note: see declaration of 'fileno'
d:\workspace\codelearning\learningccpp\optionparser\lib_z\src\minigzip.c(592): error C4996: 'fileno': The POSIX name for this item is deprecated. Instead, use the ISO C and C++ conformant name: _fileno. See online help for details.
  c:\program files (x86)\windows kits\10\include\10.0.16299.0\ucrt\stdio.h(2457): note: see declaration of 'fileno'
d:\workspace\codelearning\learningccpp\optionparser\lib_z\src\minigzip.c(598): error C4996: 'setmode': The POSIX name for this item is deprecated. Instead, use the ISO C and C++ conformant name: _setmode. See online help for details.
  c:\program files (x86)\windows kits\10\include\10.0.16299.0\ucrt\corecrt_io.h(530): note: see declaration of 'setmode'
d:\workspace\codelearning\learningccpp\optionparser\lib_z\src\minigzip.c(618): error C4996: 'fileno': The POSIX name for this item is deprecated. Instead, use the ISO C and C++ conformant name: _fileno. See online help for details.
  c:\program files (x86)\windows kits\10\include\10.0.16299.0\ucrt\stdio.h(2457): note: see declaration of 'fileno'
  trees.c
  zutil.c
  Generating Code...
